<?xml version="1.0" encoding="UTF-8"?>
<!-- Generated by org.testng.reporters.JUnitXMLReporter -->
<testsuite ignored="0" hostname="Pravals-MacBook-Pro.local" failures="0" tests="6" name="Accounts Page Test" time="29.812" errors="0" timestamp="2024-05-01T22:32:12 IST">
  <testcase classname="com.qa.opencart.tests.AccountsPageTest" name="accPageHeadersTest" time="5.86"/>
  <testcase classname="com.qa.opencart.tests.AccountsPageTest" name="accPageTitleTest" time="0.162"/>
  <testcase classname="com.qa.opencart.tests.AccountsPageTest" name="accPageURLTest" time="0.313"/>
  <testcase classname="com.qa.opencart.tests.AccountsPageTest" name="isLogoutLinkExistTest" time="0.227"/>
  <testcase classname="com.qa.opencart.tests.AccountsPageTest" name="myAccountLinkExistTest" time="0.134"/>
  <testcase classname="com.qa.opencart.tests.AccountsPageTest" name="searchTest" time="1.488"/>
</testsuite> <!-- Accounts Page Test -->
