<?xml version="1.0" encoding="UTF-8"?>
<!-- Generated by org.testng.reporters.JUnitXMLReporter -->
<testsuite ignored="0" hostname="Pravals-MacBook-Pro.local" failures="0" tests="6" name="Accounts Page Test" time="29.438" errors="0" timestamp="2024-04-27T18:02:13 IST">
  <testcase classname="com.qa.opencart.tests.AccountsPageTest" name="accPageHeadersTest" time="5.702"/>
  <testcase classname="com.qa.opencart.tests.AccountsPageTest" name="accPageTitleTest" time="0.136"/>
  <testcase classname="com.qa.opencart.tests.AccountsPageTest" name="accPageURLTest" time="0.135"/>
  <testcase classname="com.qa.opencart.tests.AccountsPageTest" name="isLogoutLinkExistTest" time="0.278"/>
  <testcase classname="com.qa.opencart.tests.AccountsPageTest" name="myAccountLinkExistTest" time="0.156"/>
  <testcase classname="com.qa.opencart.tests.AccountsPageTest" name="searchTest" time="1.337"/>
</testsuite> <!-- Accounts Page Test -->
