<?xml version="1.0" encoding="UTF-8"?>
<!-- Generated by org.testng.reporters.JUnitXMLReporter -->
<testsuite ignored="0" hostname="Pravals-MacBook-Pro.local" failures="0" tests="2" name="Add To Cart Page Test" time="62.222" errors="0" timestamp="2024-04-27T21:38:36 IST">
  <testcase classname="com.qa.opencart.tests.AddToCartPageTest" name="addToCartPageTitleTest" time="19.355">
    <skipped/>
  </testcase> <!-- addToCartPageTitleTest -->
  <testcase classname="com.qa.opencart.tests.AddToCartPageTest" name="addToCartPageTitleTest" time="13.921"/>
</testsuite> <!-- Add To Cart Page Test -->
