<?xml version="1.0" encoding="UTF-8"?>
<!-- Generated by org.testng.reporters.JUnitXMLReporter -->
<testsuite ignored="0" hostname="Pravals-MacBook-Pro.local" failures="0" tests="11" name="Product Info Page Test" time="68.658" errors="0" timestamp="2024-05-01T22:32:51 IST">
  <testcase classname="com.qa.opencart.tests.ProductPageInfoTest" name="addItemTest" time="10.178"/>
  <testcase classname="com.qa.opencart.tests.ProductPageInfoTest" name="productHeaderTest" time="3.484"/>
  <testcase classname="com.qa.opencart.tests.ProductPageInfoTest" name="productHeaderTest" time="8.219"/>
  <testcase classname="com.qa.opencart.tests.ProductPageInfoTest" name="productHeaderTest" time="2.07"/>
  <testcase classname="com.qa.opencart.tests.ProductPageInfoTest" name="productHeaderTest" time="2.215"/>
  <testcase classname="com.qa.opencart.tests.ProductPageInfoTest" name="productImagesCountTest" time="6.616"/>
  <testcase classname="com.qa.opencart.tests.ProductPageInfoTest" name="productImagesCountTest" time="2.849"/>
  <testcase classname="com.qa.opencart.tests.ProductPageInfoTest" name="productImagesCountTest" time="1.47"/>
  <testcase classname="com.qa.opencart.tests.ProductPageInfoTest" name="productImagesCountTest" time="2.107"/>
  <testcase classname="com.qa.opencart.tests.ProductPageInfoTest" name="productImagesCountTest" time="6.92"/>
  <testcase classname="com.qa.opencart.tests.ProductPageInfoTest" name="productInfoTest" time="2.041"/>
</testsuite> <!-- Product Info Page Test -->
