<?xml version="1.0" encoding="UTF-8"?>
<!-- Generated by org.testng.reporters.JUnitXMLReporter -->
<testsuite ignored="0" hostname="Pravals-MacBook-Pro.local" failures="0" tests="3" name="Register Page Test" time="61.96" errors="0" timestamp="2024-05-01T22:32:49 IST">
  <testcase classname="com.qa.opencart.tests.RegPageTest" name="userRegTest" time="16.731"/>
  <testcase classname="com.qa.opencart.tests.RegPageTest" name="userRegTest" time="9.361"/>
  <testcase classname="com.qa.opencart.tests.RegPageTest" name="userRegTest" time="3.819"/>
</testsuite> <!-- Register Page Test -->
