<?xml version="1.0" encoding="UTF-8"?>
<!-- Generated by org.testng.reporters.JUnitXMLReporter -->
<testsuite ignored="0" hostname="Pravals-MacBook-Pro.local" failures="0" tests="3" name="Register Page Test" time="72.295" errors="0" timestamp="2024-04-27T21:38:46 IST">
  <testcase classname="com.qa.opencart.tests.RegPageTest" name="userRegTest" time="16.873"/>
  <testcase classname="com.qa.opencart.tests.RegPageTest" name="userRegTest" time="12.957"/>
  <testcase classname="com.qa.opencart.tests.RegPageTest" name="userRegTest" time="10.276"/>
</testsuite> <!-- Register Page Test -->
