<?xml version="1.0" encoding="UTF-8"?>
<!-- Generated by org.testng.reporters.JUnitXMLReporter -->
<testsuite ignored="0" hostname="Pravals-MacBook-Pro.local" failures="0" tests="4" name="Search Results Page Test" time="44.11" errors="0" timestamp="2024-04-27T21:38:12 IST">
  <testcase classname="com.qa.opencart.tests.SearchResultsTest" name="searchResultsCountTest" time="3.349"/>
  <testcase classname="com.qa.opencart.tests.SearchResultsTest" name="searchResultsCountTest" time="1.805"/>
  <testcase classname="com.qa.opencart.tests.SearchResultsTest" name="searchResultsCountTest" time="10.344"/>
  <testcase classname="com.qa.opencart.tests.SearchResultsTest" name="searchResultsTest" time="0.042"/>
</testsuite> <!-- Search Results Page Test -->
