<?xml version="1.0" encoding="UTF-8"?>
<!-- Generated by org.testng.reporters.JUnitXMLReporter -->
<testsuite ignored="0" hostname="Pravals-MacBook-Pro.local" failures="0" tests="4" name="Search Results Page Test" time="49.987" errors="0" timestamp="2024-04-27T18:02:33 IST">
  <testcase classname="com.qa.opencart.tests.SearchResultsTest" name="searchResultsCountTest" time="12.177"/>
  <testcase classname="com.qa.opencart.tests.SearchResultsTest" name="searchResultsCountTest" time="1.455"/>
  <testcase classname="com.qa.opencart.tests.SearchResultsTest" name="searchResultsCountTest" time="0.964"/>
  <testcase classname="com.qa.opencart.tests.SearchResultsTest" name="searchResultsTest" time="5.091"/>
</testsuite> <!-- Search Results Page Test -->
