<?xml version="1.0" encoding="UTF-8"?>
<!-- Generated by org.testng.reporters.JUnitXMLReporter -->
<testsuite ignored="0" hostname="Pravals-MacBook-Pro.local" failures="0" tests="21" name="Add To Cart Page Test" time="11.884" errors="0" timestamp="2024-04-14T00:28:03 IST">
  <testcase classname="com.qa.opencart.tests.LoginPageTest" name="loginPageTitleTest" time="0.037"/>
  <testcase classname="com.qa.opencart.tests.LoginPageTest" name="loginPageURLTest" time="0.019"/>
  <testcase classname="com.qa.opencart.tests.LoginPageTest" name="forgotPwdLinkExistTest" time="0.051"/>
  <testcase classname="com.qa.opencart.tests.AccountsPageTest" name="accPageHeadersTest" time="0.043"/>
  <testcase classname="com.qa.opencart.tests.AccountsPageTest" name="accPageTitleTest" time="0.005"/>
  <testcase classname="com.qa.opencart.tests.AccountsPageTest" name="accPageURLTest" time="0.007"/>
  <testcase classname="com.qa.opencart.tests.AccountsPageTest" name="isLogoutLinkExistTest" time="0.09"/>
  <testcase classname="com.qa.opencart.tests.AccountsPageTest" name="myAccountLinkExistTest" time="0.041"/>
  <testcase classname="com.qa.opencart.tests.AccountsPageTest" name="searchTest" time="0.776"/>
  <testcase classname="com.qa.opencart.tests.LoginPageTest" name="loginTest" time="1.287"/>
  <testcase classname="com.qa.opencart.tests.SearchResultsTest" name="searchResultsCountTest" time="0.953"/>
  <testcase classname="com.qa.opencart.tests.SearchResultsTest" name="searchResultsCountTest" time="0.72"/>
  <testcase classname="com.qa.opencart.tests.ProductPageInfoTest" name="addItemTest" time="2.541"/>
  <testcase classname="com.qa.opencart.tests.SearchResultsTest" name="searchResultsCountTest" time="0.776"/>
  <testcase classname="com.qa.opencart.tests.SearchResultsTest" name="searchResultsTest" time="0.02"/>
  <testcase classname="com.qa.opencart.tests.ProductPageInfoTest" name="productHeaderTest" time="1.146"/>
  <testcase classname="com.qa.opencart.tests.AddToCartPageTest" name="addToCartPageTitleTest" time="3.31"/>
  <testcase classname="com.qa.opencart.tests.ProductPageInfoTest" name="productHeaderTest" time="1.325"/>
  <testcase classname="com.qa.opencart.tests.ProductPageInfoTest" name="productHeaderTest" time="1.097"/>
  <testcase classname="com.qa.opencart.tests.ProductPageInfoTest" name="productHeaderTest" time="1.087"/>
  <testcase classname="com.qa.opencart.tests.ProductPageInfoTest" name="productImagesCountTest" time="0.931"/>
</testsuite> <!-- Add To Cart Page Test -->
