<?xml version="1.0" encoding="UTF-8"?>
<!-- Generated by org.testng.reporters.JUnitXMLReporter -->
<testsuite ignored="0" hostname="Pravals-MacBook-Pro.local" failures="0" tests="14" name="Login Page Test" time="8.728" errors="0" timestamp="2024-04-14T00:28:00 IST">
  <testcase classname="com.qa.opencart.tests.LoginPageTest" name="loginPageTitleTest" time="0.037"/>
  <testcase classname="com.qa.opencart.tests.LoginPageTest" name="loginPageURLTest" time="0.019"/>
  <testcase classname="com.qa.opencart.tests.LoginPageTest" name="forgotPwdLinkExistTest" time="0.051"/>
  <testcase classname="com.qa.opencart.tests.AccountsPageTest" name="accPageHeadersTest" time="0.043"/>
  <testcase classname="com.qa.opencart.tests.AccountsPageTest" name="accPageTitleTest" time="0.005"/>
  <testcase classname="com.qa.opencart.tests.AccountsPageTest" name="accPageURLTest" time="0.007"/>
  <testcase classname="com.qa.opencart.tests.AccountsPageTest" name="isLogoutLinkExistTest" time="0.09"/>
  <testcase classname="com.qa.opencart.tests.AccountsPageTest" name="myAccountLinkExistTest" time="0.041"/>
  <testcase classname="com.qa.opencart.tests.AccountsPageTest" name="searchTest" time="0.776"/>
  <testcase classname="com.qa.opencart.tests.LoginPageTest" name="loginTest" time="1.287"/>
  <testcase classname="com.qa.opencart.tests.SearchResultsTest" name="searchResultsCountTest" time="0.953"/>
  <testcase classname="com.qa.opencart.tests.SearchResultsTest" name="searchResultsCountTest" time="0.72"/>
  <testcase classname="com.qa.opencart.tests.SearchResultsTest" name="searchResultsCountTest" time="0.776"/>
  <testcase classname="com.qa.opencart.tests.SearchResultsTest" name="searchResultsTest" time="0.02"/>
</testsuite> <!-- Login Page Test -->
