<?xml version="1.0" encoding="UTF-8"?>
<testsuite xmlns:xsi="http://www.w3.org/2001/XMLSchema-instance" xsi:noNamespaceSchemaLocation="https://maven.apache.org/surefire/maven-surefire-plugin/xsd/surefire-test-report.xsd" name="TestSuite" time="21.729" tests="29" errors="0" skipped="0" failures="0">
  <properties>
[...]
</properties>
  <testcase name="loginPageTitleTest" classname="com.qa.opencart.tests.LoginPageTest" time="0.033"/>
  <testcase name="loginPageURLTest" classname="com.qa.opencart.tests.LoginPageTest" time="0.018"/>
  <testcase name="forgotPwdLinkExistTest" classname="com.qa.opencart.tests.LoginPageTest" time="0.053"/>
  <testcase name="accPageHeadersTest" classname="com.qa.opencart.tests.AccountsPageTest" time="0.042"/>
  <testcase name="accPageTitleTest" classname="com.qa.opencart.tests.AccountsPageTest" time="0.005"/>
  <testcase name="accPageURLTest" classname="com.qa.opencart.tests.AccountsPageTest" time="0.008"/>
  <testcase name="isLogoutLinkExistTest" classname="com.qa.opencart.tests.AccountsPageTest" time="0.092"/>
  <testcase name="myAccountLinkExistTest" classname="com.qa.opencart.tests.AccountsPageTest" time="0.041"/>
  <testcase name="searchTest" classname="com.qa.opencart.tests.AccountsPageTest" time="0.147"/>
  <testcase name="loginTest" classname="com.qa.opencart.tests.LoginPageTest" time="0.068"/>
  <testcase name="searchResultsCountTest" classname="com.qa.opencart.tests.SearchResultsTest" time="0.655"/>
  <testcase name="searchResultsCountTest" classname="com.qa.opencart.tests.SearchResultsTest" time="0.72"/>
  <testcase name="searchResultsCountTest" classname="com.qa.opencart.tests.SearchResultsTest" time="0.205"/>
  <testcase name="addItemTest" classname="com.qa.opencart.tests.ProductPageInfoTest" time="0.57"/>
  <testcase name="searchResultsTest" classname="com.qa.opencart.tests.SearchResultsTest" time="0.02"/>
  <testcase name="userRegTest" classname="com.qa.opencart.tests.RegPageTest" time="0.171"/>
  <testcase name="userRegTest" classname="com.qa.opencart.tests.RegPageTest" time="0.189"/>
  <testcase name="userRegTest" classname="com.qa.opencart.tests.RegPageTest" time="0.109"/>
  <testcase name="productHeaderTest" classname="com.qa.opencart.tests.ProductPageInfoTest" time="0.77"/>
  <testcase name="productHeaderTest" classname="com.qa.opencart.tests.ProductPageInfoTest" time="1.325"/>
  <testcase name="productHeaderTest" classname="com.qa.opencart.tests.ProductPageInfoTest" time="0.908"/>
  <testcase name="productHeaderTest" classname="com.qa.opencart.tests.ProductPageInfoTest" time="1.087"/>
  <testcase name="addToCartPageTitleTest" classname="com.qa.opencart.tests.AddToCartPageTest" time="0.215"/>
  <testcase name="productImagesCountTest" classname="com.qa.opencart.tests.ProductPageInfoTest" time="0.931"/>
  <testcase name="productImagesCountTest" classname="com.qa.opencart.tests.ProductPageInfoTest" time="0.901"/>
  <testcase name="productImagesCountTest" classname="com.qa.opencart.tests.ProductPageInfoTest" time="0.941"/>
  <testcase name="productImagesCountTest" classname="com.qa.opencart.tests.ProductPageInfoTest" time="0.891"/>
  <testcase name="productImagesCountTest" classname="com.qa.opencart.tests.ProductPageInfoTest" time="1.34"/>
  <testcase name="productInfoTest" classname="com.qa.opencart.tests.ProductPageInfoTest" time="0.882"/>
</testsuite>