<?xml version="1.0" encoding="UTF-8"?>
<testng-results ignored="0" total="14" passed="14" failed="0" skipped="0">
  <reporter-output>
  </reporter-output>
  <suite started-at="2024-04-14T00:27:46 IST" name="Opencart App Test Regression Suite" finished-at="2024-04-14T00:28:07 IST" duration-ms="21560">
    <groups>
    </groups>
    <test started-at="2024-04-14T00:27:46 IST" name="Register Page Test" finished-at="2024-04-14T00:28:06 IST" duration-ms="20522">
      <class name="com.qa.opencart.tests.RegPageTest">
        <test-method is-config="true" signature="setup(java.lang.String)[pri:0, instance:com.qa.opencart.tests.RegPageTest@120d6fe6]" started-at="2024-04-14T00:27:46 IST" name="setup" finished-at="2024-04-14T00:27:53 IST" duration-ms="7030" status="PASS">
          <params>
            <param index="0">
              <value>
                <![CDATA[chrome]]>
              </value>
            </param>
          </params>
          <reporter-output>
          </reporter-output>
        </test-method> <!-- setup -->
        <test-method is-config="true" signature="regSetup()[pri:0, instance:com.qa.opencart.tests.RegPageTest@120d6fe6]" started-at="2024-04-14T00:27:53 IST" name="regSetup" finished-at="2024-04-14T00:27:54 IST" duration-ms="910" status="PASS">
          <reporter-output>
          </reporter-output>
        </test-method> <!-- regSetup -->
        <test-method signature="userRegTest(java.lang.String, java.lang.String, java.lang.String, java.lang.String, java.lang.String)[pri:0, instance:com.qa.opencart.tests.RegPageTest@120d6fe6]" started-at="2024-04-14T00:27:54 IST" name="userRegTest" data-provider="csvregdata" finished-at="2024-04-14T00:27:57 IST" duration-ms="2832" status="PASS">
          <params>
            <param index="0">
              <value>
                <![CDATA[Gaurav]]>
              </value>
            </param>
            <param index="1">
              <value>
                <![CDATA[Gupta]]>
              </value>
            </param>
            <param index="2">
              <value>
                <![CDATA[98765456789]]>
              </value>
            </param>
            <param index="3">
              <value>
                <![CDATA[gg@123]]>
              </value>
            </param>
            <param index="4">
              <value>
                <![CDATA[yes]]>
              </value>
            </param>
          </params>
          <reporter-output>
          </reporter-output>
        </test-method> <!-- userRegTest -->
        <test-method signature="userRegTest(java.lang.String, java.lang.String, java.lang.String, java.lang.String, java.lang.String)[pri:0, instance:com.qa.opencart.tests.RegPageTest@120d6fe6]" started-at="2024-04-14T00:27:57 IST" name="userRegTest" data-provider="csvregdata" finished-at="2024-04-14T00:27:59 IST" duration-ms="2284" status="PASS">
          <params>
            <param index="0">
              <value>
                <![CDATA[Shilpa]]>
              </value>
            </param>
            <param index="1">
              <value>
                <![CDATA[mamiidipelli]]>
              </value>
            </param>
            <param index="2">
              <value>
                <![CDATA[98765456780]]>
              </value>
            </param>
            <param index="3">
              <value>
                <![CDATA[sh@123]]>
              </value>
            </param>
            <param index="4">
              <value>
                <![CDATA[no]]>
              </value>
            </param>
          </params>
          <reporter-output>
          </reporter-output>
        </test-method> <!-- userRegTest -->
        <test-method signature="userRegTest(java.lang.String, java.lang.String, java.lang.String, java.lang.String, java.lang.String)[pri:0, instance:com.qa.opencart.tests.RegPageTest@120d6fe6]" started-at="2024-04-14T00:27:59 IST" name="userRegTest" data-provider="csvregdata" finished-at="2024-04-14T00:28:06 IST" duration-ms="7336" status="PASS">
          <params>
            <param index="0">
              <value>
                <![CDATA[Om]]>
              </value>
            </param>
            <param index="1">
              <value>
                <![CDATA[Gautam]]>
              </value>
            </param>
            <param index="2">
              <value>
                <![CDATA[88765456780]]>
              </value>
            </param>
            <param index="3">
              <value>
                <![CDATA[om@123]]>
              </value>
            </param>
            <param index="4">
              <value>
                <![CDATA[yes]]>
              </value>
            </param>
          </params>
          <reporter-output>
          </reporter-output>
        </test-method> <!-- userRegTest -->
        <test-method is-config="true" signature="tearDown()[pri:0, instance:com.qa.opencart.tests.RegPageTest@120d6fe6]" started-at="2024-04-14T00:28:06 IST" name="tearDown" finished-at="2024-04-14T00:28:06 IST" duration-ms="108" status="PASS">
          <reporter-output>
          </reporter-output>
        </test-method> <!-- tearDown -->
      </class> <!-- com.qa.opencart.tests.RegPageTest -->
    </test> <!-- Register Page Test -->
    <test started-at="2024-04-14T00:27:46 IST" name="Product Info Page Test" finished-at="2024-04-14T00:28:07 IST" duration-ms="21560">
      <class name="com.qa.opencart.tests.ProductPageInfoTest">
        <test-method is-config="true" signature="setup(java.lang.String)[pri:0, instance:com.qa.opencart.tests.ProductPageInfoTest@33cb5951]" started-at="2024-04-14T00:27:46 IST" name="setup" finished-at="2024-04-14T00:27:53 IST" duration-ms="6893" status="PASS">
          <params>
            <param index="0">
              <value>
                <![CDATA[firefox]]>
              </value>
            </param>
          </params>
          <reporter-output>
          </reporter-output>
        </test-method> <!-- setup -->
        <test-method is-config="true" signature="infoPageSetup()[pri:0, instance:com.qa.opencart.tests.ProductPageInfoTest@33cb5951]" started-at="2024-04-14T00:27:53 IST" name="infoPageSetup" finished-at="2024-04-14T00:27:54 IST" duration-ms="979" status="PASS">
          <reporter-output>
          </reporter-output>
        </test-method> <!-- infoPageSetup -->
        <test-method signature="addItemTest()[pri:0, instance:com.qa.opencart.tests.ProductPageInfoTest@33cb5951]" started-at="2024-04-14T00:27:54 IST" name="addItemTest" finished-at="2024-04-14T00:27:56 IST" duration-ms="2541" status="PASS">
          <reporter-output>
          </reporter-output>
        </test-method> <!-- addItemTest -->
        <test-method signature="productHeaderTest(java.lang.String, java.lang.String)[pri:0, instance:com.qa.opencart.tests.ProductPageInfoTest@33cb5951]" started-at="2024-04-14T00:27:56 IST" name="productHeaderTest" data-provider="getProductSearchData" finished-at="2024-04-14T00:27:57 IST" duration-ms="1146" status="PASS">
          <params>
            <param index="0">
              <value>
                <![CDATA[macbook]]>
              </value>
            </param>
            <param index="1">
              <value>
                <![CDATA[MacBook Pro]]>
              </value>
            </param>
          </params>
          <reporter-output>
          </reporter-output>
        </test-method> <!-- productHeaderTest -->
        <test-method signature="productHeaderTest(java.lang.String, java.lang.String)[pri:0, instance:com.qa.opencart.tests.ProductPageInfoTest@33cb5951]" started-at="2024-04-14T00:27:57 IST" name="productHeaderTest" data-provider="getProductSearchData" finished-at="2024-04-14T00:27:59 IST" duration-ms="1325" status="PASS">
          <params>
            <param index="0">
              <value>
                <![CDATA[imac]]>
              </value>
            </param>
            <param index="1">
              <value>
                <![CDATA[iMac]]>
              </value>
            </param>
          </params>
          <reporter-output>
          </reporter-output>
        </test-method> <!-- productHeaderTest -->
        <test-method signature="productHeaderTest(java.lang.String, java.lang.String)[pri:0, instance:com.qa.opencart.tests.ProductPageInfoTest@33cb5951]" started-at="2024-04-14T00:27:59 IST" name="productHeaderTest" data-provider="getProductSearchData" finished-at="2024-04-14T00:28:00 IST" duration-ms="1097" status="PASS">
          <params>
            <param index="0">
              <value>
                <![CDATA[samsung]]>
              </value>
            </param>
            <param index="1">
              <value>
                <![CDATA[Samsung SyncMaster 941BW]]>
              </value>
            </param>
          </params>
          <reporter-output>
          </reporter-output>
        </test-method> <!-- productHeaderTest -->
        <test-method signature="productHeaderTest(java.lang.String, java.lang.String)[pri:0, instance:com.qa.opencart.tests.ProductPageInfoTest@33cb5951]" started-at="2024-04-14T00:28:00 IST" name="productHeaderTest" data-provider="getProductSearchData" finished-at="2024-04-14T00:28:01 IST" duration-ms="1087" status="PASS">
          <params>
            <param index="0">
              <value>
                <![CDATA[samsung]]>
              </value>
            </param>
            <param index="1">
              <value>
                <![CDATA[Samsung Galaxy Tab 10.1]]>
              </value>
            </param>
          </params>
          <reporter-output>
          </reporter-output>
        </test-method> <!-- productHeaderTest -->
        <test-method signature="productImagesCountTest(java.lang.String, java.lang.String, java.lang.String)[pri:0, instance:com.qa.opencart.tests.ProductPageInfoTest@33cb5951]" started-at="2024-04-14T00:28:01 IST" name="productImagesCountTest" data-provider="getProductImagesDataFromExcel" finished-at="2024-04-14T00:28:02 IST" duration-ms="931" status="PASS">
          <params>
            <param index="0">
              <value>
                <![CDATA[macbook]]>
              </value>
            </param>
            <param index="1">
              <value>
                <![CDATA[MacBook Pro]]>
              </value>
            </param>
            <param index="2">
              <value>
                <![CDATA[4]]>
              </value>
            </param>
          </params>
          <reporter-output>
          </reporter-output>
        </test-method> <!-- productImagesCountTest -->
        <test-method signature="productImagesCountTest(java.lang.String, java.lang.String, java.lang.String)[pri:0, instance:com.qa.opencart.tests.ProductPageInfoTest@33cb5951]" started-at="2024-04-14T00:28:02 IST" name="productImagesCountTest" data-provider="getProductImagesDataFromExcel" finished-at="2024-04-14T00:28:03 IST" duration-ms="901" status="PASS">
          <params>
            <param index="0">
              <value>
                <![CDATA[imac]]>
              </value>
            </param>
            <param index="1">
              <value>
                <![CDATA[iMac]]>
              </value>
            </param>
            <param index="2">
              <value>
                <![CDATA[3]]>
              </value>
            </param>
          </params>
          <reporter-output>
          </reporter-output>
        </test-method> <!-- productImagesCountTest -->
        <test-method signature="productImagesCountTest(java.lang.String, java.lang.String, java.lang.String)[pri:0, instance:com.qa.opencart.tests.ProductPageInfoTest@33cb5951]" started-at="2024-04-14T00:28:03 IST" name="productImagesCountTest" data-provider="getProductImagesDataFromExcel" finished-at="2024-04-14T00:28:04 IST" duration-ms="940" status="PASS">
          <params>
            <param index="0">
              <value>
                <![CDATA[samsung]]>
              </value>
            </param>
            <param index="1">
              <value>
                <![CDATA[Samsung SyncMaster 941BW]]>
              </value>
            </param>
            <param index="2">
              <value>
                <![CDATA[1]]>
              </value>
            </param>
          </params>
          <reporter-output>
          </reporter-output>
        </test-method> <!-- productImagesCountTest -->
        <test-method signature="productImagesCountTest(java.lang.String, java.lang.String, java.lang.String)[pri:0, instance:com.qa.opencart.tests.ProductPageInfoTest@33cb5951]" started-at="2024-04-14T00:28:04 IST" name="productImagesCountTest" data-provider="getProductImagesDataFromExcel" finished-at="2024-04-14T00:28:05 IST" duration-ms="891" status="PASS">
          <params>
            <param index="0">
              <value>
                <![CDATA[samsung]]>
              </value>
            </param>
            <param index="1">
              <value>
                <![CDATA[Samsung Galaxy Tab 10.1]]>
              </value>
            </param>
            <param index="2">
              <value>
                <![CDATA[7]]>
              </value>
            </param>
          </params>
          <reporter-output>
          </reporter-output>
        </test-method> <!-- productImagesCountTest -->
        <test-method signature="productImagesCountTest(java.lang.String, java.lang.String, java.lang.String)[pri:0, instance:com.qa.opencart.tests.ProductPageInfoTest@33cb5951]" started-at="2024-04-14T00:28:05 IST" name="productImagesCountTest" data-provider="getProductImagesDataFromExcel" finished-at="2024-04-14T00:28:06 IST" duration-ms="1340" status="PASS">
          <params>
            <param index="0">
              <value>
                <![CDATA[canon]]>
              </value>
            </param>
            <param index="1">
              <value>
                <![CDATA[Canon EOS 5D]]>
              </value>
            </param>
            <param index="2">
              <value>
                <![CDATA[3]]>
              </value>
            </param>
          </params>
          <reporter-output>
          </reporter-output>
        </test-method> <!-- productImagesCountTest -->
        <test-method signature="productInfoTest()[pri:0, instance:com.qa.opencart.tests.ProductPageInfoTest@33cb5951]" started-at="2024-04-14T00:28:06 IST" name="productInfoTest" finished-at="2024-04-14T00:28:07 IST" duration-ms="882" status="PASS">
          <reporter-output>
          </reporter-output>
        </test-method> <!-- productInfoTest -->
        <test-method is-config="true" signature="tearDown()[pri:0, instance:com.qa.opencart.tests.ProductPageInfoTest@33cb5951]" started-at="2024-04-14T00:28:07 IST" name="tearDown" finished-at="2024-04-14T00:28:07 IST" duration-ms="374" status="PASS">
          <reporter-output>
          </reporter-output>
        </test-method> <!-- tearDown -->
      </class> <!-- com.qa.opencart.tests.ProductPageInfoTest -->
    </test> <!-- Product Info Page Test -->
  </suite> <!-- Opencart App Test Regression Suite -->
</testng-results>
