<?xml version="1.0" encoding="UTF-8"?>
<testng-results retried="3" ignored="0" total="32" passed="28" failed="1" skipped="0">
  <reporter-output>
  </reporter-output>
  <suite started-at="2024-05-01T22:31:42 IST" name="Opencart App Test Regression Suite" finished-at="2024-05-01T22:32:52 IST" duration-ms="69702">
    <groups>
    </groups>
    <test started-at="2024-05-01T22:31:42 IST" name="Accounts Page Test" finished-at="2024-05-01T22:32:12 IST" duration-ms="29812">
      <class name="com.qa.opencart.tests.AccountsPageTest">
        <test-method is-config="true" signature="setup(java.lang.String)[pri:0, instance:com.qa.opencart.tests.AccountsPageTest@794366a5]" started-at="2024-05-01T22:31:42 IST" name="setup" finished-at="2024-05-01T22:31:58 IST" duration-ms="16196" status="PASS">
          <params>
            <param index="0">
              <value>
                <![CDATA[firefox]]>
              </value>
            </param>
          </params>
          <reporter-output>
          </reporter-output>
        </test-method> <!-- setup -->
        <test-method is-config="true" signature="accSetup()[pri:0, instance:com.qa.opencart.tests.AccountsPageTest@794366a5]" started-at="2024-05-01T22:31:58 IST" name="accSetup" finished-at="2024-05-01T22:32:00 IST" duration-ms="2069" status="PASS">
          <reporter-output>
          </reporter-output>
        </test-method> <!-- accSetup -->
        <test-method signature="accPageHeadersTest()[pri:0, instance:com.qa.opencart.tests.AccountsPageTest@794366a5]" started-at="2024-05-01T22:32:00 IST" name="accPageHeadersTest" finished-at="2024-05-01T22:32:06 IST" duration-ms="5860" status="PASS">
          <reporter-output>
          </reporter-output>
        </test-method> <!-- accPageHeadersTest -->
        <test-method signature="accPageTitleTest()[pri:0, instance:com.qa.opencart.tests.AccountsPageTest@794366a5]" started-at="2024-05-01T22:32:08 IST" name="accPageTitleTest" finished-at="2024-05-01T22:32:08 IST" duration-ms="162" status="PASS">
          <reporter-output>
          </reporter-output>
        </test-method> <!-- accPageTitleTest -->
        <test-method signature="accPageURLTest()[pri:0, instance:com.qa.opencart.tests.AccountsPageTest@794366a5]" started-at="2024-05-01T22:32:08 IST" name="accPageURLTest" finished-at="2024-05-01T22:32:09 IST" duration-ms="313" status="PASS">
          <reporter-output>
          </reporter-output>
        </test-method> <!-- accPageURLTest -->
        <test-method signature="isLogoutLinkExistTest()[pri:0, instance:com.qa.opencart.tests.AccountsPageTest@794366a5]" started-at="2024-05-01T22:32:09 IST" name="isLogoutLinkExistTest" finished-at="2024-05-01T22:32:09 IST" duration-ms="227" status="PASS">
          <reporter-output>
          </reporter-output>
        </test-method> <!-- isLogoutLinkExistTest -->
        <test-method signature="myAccountLinkExistTest()[pri:0, instance:com.qa.opencart.tests.AccountsPageTest@794366a5]" started-at="2024-05-01T22:32:09 IST" name="myAccountLinkExistTest" finished-at="2024-05-01T22:32:09 IST" duration-ms="134" status="PASS">
          <reporter-output>
          </reporter-output>
        </test-method> <!-- myAccountLinkExistTest -->
        <test-method signature="searchTest()[pri:0, instance:com.qa.opencart.tests.AccountsPageTest@794366a5]" started-at="2024-05-01T22:32:09 IST" name="searchTest" finished-at="2024-05-01T22:32:10 IST" duration-ms="1488" status="PASS">
          <reporter-output>
          </reporter-output>
        </test-method> <!-- searchTest -->
        <test-method is-config="true" signature="tearDown()[pri:0, instance:com.qa.opencart.tests.AccountsPageTest@794366a5]" started-at="2024-05-01T22:32:11 IST" name="tearDown" finished-at="2024-05-01T22:32:12 IST" duration-ms="1155" status="PASS">
          <reporter-output>
          </reporter-output>
        </test-method> <!-- tearDown -->
      </class> <!-- com.qa.opencart.tests.AccountsPageTest -->
    </test> <!-- Accounts Page Test -->
    <test started-at="2024-05-01T22:31:42 IST" name="Search Results Page Test" finished-at="2024-05-01T22:32:26 IST" duration-ms="44121">
      <class name="com.qa.opencart.tests.SearchResultsTest">
        <test-method is-config="true" signature="setup(java.lang.String)[pri:0, instance:com.qa.opencart.tests.SearchResultsTest@5afbd567]" started-at="2024-05-01T22:31:42 IST" name="setup" finished-at="2024-05-01T22:32:05 IST" duration-ms="23235" status="PASS">
          <params>
            <param index="0">
              <value>
                <![CDATA[chrome]]>
              </value>
            </param>
          </params>
          <reporter-output>
          </reporter-output>
        </test-method> <!-- setup -->
        <test-method is-config="true" signature="searchResultsSetUp()[pri:0, instance:com.qa.opencart.tests.SearchResultsTest@5afbd567]" started-at="2024-05-01T22:32:05 IST" name="searchResultsSetUp" finished-at="2024-05-01T22:32:12 IST" duration-ms="7209" status="PASS">
          <reporter-output>
          </reporter-output>
        </test-method> <!-- searchResultsSetUp -->
        <test-method signature="searchResultsCountTest(java.lang.String,int)[pri:0, instance:com.qa.opencart.tests.SearchResultsTest@5afbd567]" started-at="2024-05-01T22:32:12 IST" name="searchResultsCountTest" data-provider="getProductCountData" finished-at="2024-05-01T22:32:21 IST" duration-ms="8637" status="PASS">
          <params>
            <param index="0">
              <value>
                <![CDATA[macbook]]>
              </value>
            </param>
            <param index="1">
              <value>
                <![CDATA[3]]>
              </value>
            </param>
          </params>
          <reporter-output>
          </reporter-output>
        </test-method> <!-- searchResultsCountTest -->
        <test-method signature="searchResultsCountTest(java.lang.String,int)[pri:0, instance:com.qa.opencart.tests.SearchResultsTest@5afbd567]" started-at="2024-05-01T22:32:21 IST" name="searchResultsCountTest" data-provider="getProductCountData" finished-at="2024-05-01T22:32:23 IST" duration-ms="1652" status="PASS">
          <params>
            <param index="0">
              <value>
                <![CDATA[imac]]>
              </value>
            </param>
            <param index="1">
              <value>
                <![CDATA[1]]>
              </value>
            </param>
          </params>
          <reporter-output>
          </reporter-output>
        </test-method> <!-- searchResultsCountTest -->
        <test-method signature="searchResultsCountTest(java.lang.String,int)[pri:0, instance:com.qa.opencart.tests.SearchResultsTest@5afbd567]" started-at="2024-05-01T22:32:23 IST" name="searchResultsCountTest" data-provider="getProductCountData" finished-at="2024-05-01T22:32:26 IST" duration-ms="2930" status="PASS">
          <params>
            <param index="0">
              <value>
                <![CDATA[samsung]]>
              </value>
            </param>
            <param index="1">
              <value>
                <![CDATA[2]]>
              </value>
            </param>
          </params>
          <reporter-output>
          </reporter-output>
        </test-method> <!-- searchResultsCountTest -->
        <test-method signature="searchResultsTest()[pri:0, instance:com.qa.opencart.tests.SearchResultsTest@5afbd567]" started-at="2024-05-01T22:32:26 IST" name="searchResultsTest" finished-at="2024-05-01T22:32:26 IST" duration-ms="87" status="PASS">
          <reporter-output>
          </reporter-output>
        </test-method> <!-- searchResultsTest -->
        <test-method is-config="true" signature="tearDown()[pri:0, instance:com.qa.opencart.tests.SearchResultsTest@5afbd567]" started-at="2024-05-01T22:32:26 IST" name="tearDown" finished-at="2024-05-01T22:32:26 IST" duration-ms="241" status="PASS">
          <reporter-output>
          </reporter-output>
        </test-method> <!-- tearDown -->
      </class> <!-- com.qa.opencart.tests.SearchResultsTest -->
    </test> <!-- Search Results Page Test -->
    <test started-at="2024-05-01T22:31:42 IST" name="Add To Cart Page Test" finished-at="2024-05-01T22:32:26 IST" duration-ms="44585">
      <class name="com.qa.opencart.tests.AddToCartPageTest">
        <test-method is-config="true" signature="setup(java.lang.String)[pri:0, instance:com.qa.opencart.tests.AddToCartPageTest@4fe533ff]" started-at="2024-05-01T22:31:42 IST" name="setup" finished-at="2024-05-01T22:32:05 IST" duration-ms="23388" status="PASS">
          <params>
            <param index="0">
              <value>
                <![CDATA[chrome]]>
              </value>
            </param>
          </params>
          <reporter-output>
          </reporter-output>
        </test-method> <!-- setup -->
        <test-method is-config="true" signature="infoAddToCartSetup()[pri:0, instance:com.qa.opencart.tests.AddToCartPageTest@4fe533ff]" started-at="2024-05-01T22:32:05 IST" name="infoAddToCartSetup" finished-at="2024-05-01T22:32:12 IST" duration-ms="6320" status="PASS">
          <reporter-output>
          </reporter-output>
        </test-method> <!-- infoAddToCartSetup -->
        <test-method signature="addToCartPageTitleTest()[pri:0, instance:com.qa.opencart.tests.AddToCartPageTest@4fe533ff]" started-at="2024-05-01T22:32:12 IST" name="addToCartPageTitleTest" finished-at="2024-05-01T22:32:26 IST" duration-ms="14632" status="PASS">
          <reporter-output>
          </reporter-output>
        </test-method> <!-- addToCartPageTitleTest -->
        <test-method is-config="true" signature="tearDown()[pri:0, instance:com.qa.opencart.tests.AddToCartPageTest@4fe533ff]" started-at="2024-05-01T22:32:26 IST" name="tearDown" finished-at="2024-05-01T22:32:26 IST" duration-ms="174" status="PASS">
          <reporter-output>
          </reporter-output>
        </test-method> <!-- tearDown -->
      </class> <!-- com.qa.opencart.tests.AddToCartPageTest -->
    </test> <!-- Add To Cart Page Test -->
    <test started-at="2024-05-01T22:31:42 IST" name="Register Page Test" finished-at="2024-05-01T22:32:44 IST" duration-ms="61960">
      <class name="com.qa.opencart.tests.RegPageTest">
        <test-method is-config="true" signature="setup(java.lang.String)[pri:0, instance:com.qa.opencart.tests.RegPageTest@542f6803]" started-at="2024-05-01T22:31:42 IST" name="setup" finished-at="2024-05-01T22:32:01 IST" duration-ms="19574" status="PASS">
          <params>
            <param index="0">
              <value>
                <![CDATA[chrome]]>
              </value>
            </param>
          </params>
          <reporter-output>
          </reporter-output>
        </test-method> <!-- setup -->
        <test-method is-config="true" signature="regSetup()[pri:0, instance:com.qa.opencart.tests.RegPageTest@542f6803]" started-at="2024-05-01T22:32:01 IST" name="regSetup" finished-at="2024-05-01T22:32:07 IST" duration-ms="5835" status="PASS">
          <reporter-output>
          </reporter-output>
        </test-method> <!-- regSetup -->
        <test-method signature="userRegTest(java.lang.String,java.lang.String,java.lang.String,java.lang.String,java.lang.String)[pri:0, instance:com.qa.opencart.tests.RegPageTest@542f6803]" started-at="2024-05-01T22:32:14 IST" name="userRegTest" data-provider="getUserRegTestDataFromExcel" finished-at="2024-05-01T22:32:30 IST" duration-ms="16731" status="PASS">
          <params>
            <param index="0">
              <value>
                <![CDATA[Gaurav]]>
              </value>
            </param>
            <param index="1">
              <value>
                <![CDATA[Gupta]]>
              </value>
            </param>
            <param index="2">
              <value>
                <![CDATA[98765456789]]>
              </value>
            </param>
            <param index="3">
              <value>
                <![CDATA[gg@123]]>
              </value>
            </param>
            <param index="4">
              <value>
                <![CDATA[yes]]>
              </value>
            </param>
          </params>
          <reporter-output>
          </reporter-output>
        </test-method> <!-- userRegTest -->
        <test-method signature="userRegTest(java.lang.String,java.lang.String,java.lang.String,java.lang.String,java.lang.String)[pri:0, instance:com.qa.opencart.tests.RegPageTest@542f6803]" started-at="2024-05-01T22:32:30 IST" name="userRegTest" data-provider="getUserRegTestDataFromExcel" finished-at="2024-05-01T22:32:40 IST" duration-ms="9361" status="PASS">
          <params>
            <param index="0">
              <value>
                <![CDATA[Shilpa]]>
              </value>
            </param>
            <param index="1">
              <value>
                <![CDATA[mamiidipelli]]>
              </value>
            </param>
            <param index="2">
              <value>
                <![CDATA[98765456780]]>
              </value>
            </param>
            <param index="3">
              <value>
                <![CDATA[sh@123]]>
              </value>
            </param>
            <param index="4">
              <value>
                <![CDATA[no]]>
              </value>
            </param>
          </params>
          <reporter-output>
          </reporter-output>
        </test-method> <!-- userRegTest -->
        <test-method signature="userRegTest(java.lang.String,java.lang.String,java.lang.String,java.lang.String,java.lang.String)[pri:0, instance:com.qa.opencart.tests.RegPageTest@542f6803]" started-at="2024-05-01T22:32:40 IST" name="userRegTest" data-provider="getUserRegTestDataFromExcel" finished-at="2024-05-01T22:32:44 IST" duration-ms="3819" status="PASS">
          <params>
            <param index="0">
              <value>
                <![CDATA[Om]]>
              </value>
            </param>
            <param index="1">
              <value>
                <![CDATA[Gautam]]>
              </value>
            </param>
            <param index="2">
              <value>
                <![CDATA[88765456780]]>
              </value>
            </param>
            <param index="3">
              <value>
                <![CDATA[om@123]]>
              </value>
            </param>
            <param index="4">
              <value>
                <![CDATA[yes]]>
              </value>
            </param>
          </params>
          <reporter-output>
          </reporter-output>
        </test-method> <!-- userRegTest -->
        <test-method is-config="true" signature="tearDown()[pri:0, instance:com.qa.opencart.tests.RegPageTest@542f6803]" started-at="2024-05-01T22:32:44 IST" name="tearDown" finished-at="2024-05-01T22:32:44 IST" duration-ms="139" status="PASS">
          <reporter-output>
          </reporter-output>
        </test-method> <!-- tearDown -->
      </class> <!-- com.qa.opencart.tests.RegPageTest -->
    </test> <!-- Register Page Test -->
    <test started-at="2024-05-01T22:31:42 IST" name="Product Info Page Test" finished-at="2024-05-01T22:32:51 IST" duration-ms="68658">
      <class name="com.qa.opencart.tests.ProductPageInfoTest">
        <test-method is-config="true" signature="setup(java.lang.String)[pri:0, instance:com.qa.opencart.tests.ProductPageInfoTest@53ed80d3]" started-at="2024-05-01T22:31:42 IST" name="setup" finished-at="2024-05-01T22:32:00 IST" duration-ms="17614" status="PASS">
          <params>
            <param index="0">
              <value>
                <![CDATA[firefox]]>
              </value>
            </param>
          </params>
          <reporter-output>
          </reporter-output>
        </test-method> <!-- setup -->
        <test-method is-config="true" signature="infoPageSetup()[pri:0, instance:com.qa.opencart.tests.ProductPageInfoTest@53ed80d3]" started-at="2024-05-01T22:32:00 IST" name="infoPageSetup" finished-at="2024-05-01T22:32:01 IST" duration-ms="1579" status="PASS">
          <reporter-output>
          </reporter-output>
        </test-method> <!-- infoPageSetup -->
        <test-method signature="addItemTest()[pri:0, instance:com.qa.opencart.tests.ProductPageInfoTest@53ed80d3]" started-at="2024-05-01T22:32:01 IST" name="addItemTest" finished-at="2024-05-01T22:32:11 IST" duration-ms="10178" status="PASS">
          <reporter-output>
          </reporter-output>
        </test-method> <!-- addItemTest -->
        <test-method signature="productHeaderTest(java.lang.String,java.lang.String)[pri:0, instance:com.qa.opencart.tests.ProductPageInfoTest@53ed80d3]" started-at="2024-05-01T22:32:11 IST" name="productHeaderTest" data-provider="getProductSearchData" finished-at="2024-05-01T22:32:15 IST" duration-ms="3484" status="PASS">
          <params>
            <param index="0">
              <value>
                <![CDATA[macbook]]>
              </value>
            </param>
            <param index="1">
              <value>
                <![CDATA[MacBook Pro]]>
              </value>
            </param>
          </params>
          <reporter-output>
          </reporter-output>
        </test-method> <!-- productHeaderTest -->
        <test-method signature="productHeaderTest(java.lang.String,java.lang.String)[pri:0, instance:com.qa.opencart.tests.ProductPageInfoTest@53ed80d3]" started-at="2024-05-01T22:32:15 IST" name="productHeaderTest" data-provider="getProductSearchData" finished-at="2024-05-01T22:32:23 IST" duration-ms="8219" status="PASS">
          <params>
            <param index="0">
              <value>
                <![CDATA[imac]]>
              </value>
            </param>
            <param index="1">
              <value>
                <![CDATA[iMac]]>
              </value>
            </param>
          </params>
          <reporter-output>
          </reporter-output>
        </test-method> <!-- productHeaderTest -->
        <test-method signature="productHeaderTest(java.lang.String,java.lang.String)[pri:0, instance:com.qa.opencart.tests.ProductPageInfoTest@53ed80d3]" started-at="2024-05-01T22:32:23 IST" name="productHeaderTest" data-provider="getProductSearchData" finished-at="2024-05-01T22:32:26 IST" duration-ms="2070" status="PASS">
          <params>
            <param index="0">
              <value>
                <![CDATA[samsung]]>
              </value>
            </param>
            <param index="1">
              <value>
                <![CDATA[Samsung SyncMaster 941BW]]>
              </value>
            </param>
          </params>
          <reporter-output>
          </reporter-output>
        </test-method> <!-- productHeaderTest -->
        <test-method signature="productHeaderTest(java.lang.String,java.lang.String)[pri:0, instance:com.qa.opencart.tests.ProductPageInfoTest@53ed80d3]" started-at="2024-05-01T22:32:26 IST" name="productHeaderTest" data-provider="getProductSearchData" finished-at="2024-05-01T22:32:28 IST" duration-ms="2215" status="PASS">
          <params>
            <param index="0">
              <value>
                <![CDATA[samsung]]>
              </value>
            </param>
            <param index="1">
              <value>
                <![CDATA[Samsung Galaxy Tab 10.1]]>
              </value>
            </param>
          </params>
          <reporter-output>
          </reporter-output>
        </test-method> <!-- productHeaderTest -->
        <test-method signature="productImagesCountTest(java.lang.String,java.lang.String,java.lang.String)[pri:0, instance:com.qa.opencart.tests.ProductPageInfoTest@53ed80d3]" started-at="2024-05-01T22:32:28 IST" name="productImagesCountTest" data-provider="getProductImagesDataFromExcel" finished-at="2024-05-01T22:32:35 IST" duration-ms="6616" status="PASS">
          <params>
            <param index="0">
              <value>
                <![CDATA[macbook]]>
              </value>
            </param>
            <param index="1">
              <value>
                <![CDATA[MacBook Pro]]>
              </value>
            </param>
            <param index="2">
              <value>
                <![CDATA[4]]>
              </value>
            </param>
          </params>
          <reporter-output>
          </reporter-output>
        </test-method> <!-- productImagesCountTest -->
        <test-method signature="productImagesCountTest(java.lang.String,java.lang.String,java.lang.String)[pri:0, instance:com.qa.opencart.tests.ProductPageInfoTest@53ed80d3]" started-at="2024-05-01T22:32:35 IST" name="productImagesCountTest" data-provider="getProductImagesDataFromExcel" finished-at="2024-05-01T22:32:37 IST" duration-ms="2849" status="PASS">
          <params>
            <param index="0">
              <value>
                <![CDATA[imac]]>
              </value>
            </param>
            <param index="1">
              <value>
                <![CDATA[iMac]]>
              </value>
            </param>
            <param index="2">
              <value>
                <![CDATA[3]]>
              </value>
            </param>
          </params>
          <reporter-output>
          </reporter-output>
        </test-method> <!-- productImagesCountTest -->
        <test-method signature="productImagesCountTest(java.lang.String,java.lang.String,java.lang.String)[pri:0, instance:com.qa.opencart.tests.ProductPageInfoTest@53ed80d3]" started-at="2024-05-01T22:32:37 IST" name="productImagesCountTest" data-provider="getProductImagesDataFromExcel" finished-at="2024-05-01T22:32:39 IST" duration-ms="1470" status="PASS">
          <params>
            <param index="0">
              <value>
                <![CDATA[samsung]]>
              </value>
            </param>
            <param index="1">
              <value>
                <![CDATA[Samsung SyncMaster 941BW]]>
              </value>
            </param>
            <param index="2">
              <value>
                <![CDATA[1]]>
              </value>
            </param>
          </params>
          <reporter-output>
          </reporter-output>
        </test-method> <!-- productImagesCountTest -->
        <test-method signature="productImagesCountTest(java.lang.String,java.lang.String,java.lang.String)[pri:0, instance:com.qa.opencart.tests.ProductPageInfoTest@53ed80d3]" started-at="2024-05-01T22:32:39 IST" name="productImagesCountTest" data-provider="getProductImagesDataFromExcel" finished-at="2024-05-01T22:32:41 IST" duration-ms="2107" status="PASS">
          <params>
            <param index="0">
              <value>
                <![CDATA[samsung]]>
              </value>
            </param>
            <param index="1">
              <value>
                <![CDATA[Samsung Galaxy Tab 10.1]]>
              </value>
            </param>
            <param index="2">
              <value>
                <![CDATA[7]]>
              </value>
            </param>
          </params>
          <reporter-output>
          </reporter-output>
        </test-method> <!-- productImagesCountTest -->
        <test-method signature="productImagesCountTest(java.lang.String,java.lang.String,java.lang.String)[pri:0, instance:com.qa.opencart.tests.ProductPageInfoTest@53ed80d3]" started-at="2024-05-01T22:32:41 IST" name="productImagesCountTest" data-provider="getProductImagesDataFromExcel" finished-at="2024-05-01T22:32:48 IST" duration-ms="6920" status="PASS">
          <params>
            <param index="0">
              <value>
                <![CDATA[canon]]>
              </value>
            </param>
            <param index="1">
              <value>
                <![CDATA[Canon EOS 5D]]>
              </value>
            </param>
            <param index="2">
              <value>
                <![CDATA[3]]>
              </value>
            </param>
          </params>
          <reporter-output>
          </reporter-output>
        </test-method> <!-- productImagesCountTest -->
        <test-method signature="productInfoTest()[pri:0, instance:com.qa.opencart.tests.ProductPageInfoTest@53ed80d3]" started-at="2024-05-01T22:32:48 IST" name="productInfoTest" finished-at="2024-05-01T22:32:50 IST" duration-ms="2041" status="PASS">
          <reporter-output>
          </reporter-output>
        </test-method> <!-- productInfoTest -->
        <test-method is-config="true" signature="tearDown()[pri:0, instance:com.qa.opencart.tests.ProductPageInfoTest@53ed80d3]" started-at="2024-05-01T22:32:50 IST" name="tearDown" finished-at="2024-05-01T22:32:51 IST" duration-ms="532" status="PASS">
          <reporter-output>
          </reporter-output>
        </test-method> <!-- tearDown -->
      </class> <!-- com.qa.opencart.tests.ProductPageInfoTest -->
    </test> <!-- Product Info Page Test -->
    <test started-at="2024-05-01T22:31:42 IST" name="Login Page Test" finished-at="2024-05-01T22:32:52 IST" duration-ms="69701">
      <class name="com.qa.opencart.tests.LoginPageTest">
        <test-method is-config="true" signature="setup(java.lang.String)[pri:0, instance:com.qa.opencart.tests.LoginPageTest@67507df]" started-at="2024-05-01T22:31:42 IST" name="setup" finished-at="2024-05-01T22:32:02 IST" duration-ms="20181" status="PASS">
          <params>
            <param index="0">
              <value>
                <![CDATA[chrome]]>
              </value>
            </param>
          </params>
          <reporter-output>
          </reporter-output>
        </test-method> <!-- setup -->
        <test-method retried="true" signature="loginPageTitleTest()[pri:1, instance:com.qa.opencart.tests.LoginPageTest@67507df]" started-at="2024-05-01T22:32:02 IST" name="loginPageTitleTest" finished-at="2024-05-01T22:32:13 IST" duration-ms="10863" status="SKIP">
          <exception class="java.lang.AssertionError">
            <message>
              <![CDATA[=====PAGE TITLE NOT FOUND===== expected [Account Login1] but found [Account Login]]]>
            </message>
            <full-stacktrace>
              <![CDATA[java.lang.AssertionError: =====PAGE TITLE NOT FOUND===== expected [Account Login1] but found [Account Login]
at org.testng.Assert.fail(Assert.java:99)
at org.testng.Assert.failNotEquals(Assert.java:1037)
at org.testng.Assert.assertEqualsImpl(Assert.java:140)
at org.testng.Assert.assertEquals(Assert.java:122)
at org.testng.Assert.assertEquals(Assert.java:629)
at com.qa.opencart.tests.LoginPageTest.loginPageTitleTest(LoginPageTest.java:33)
at java.base/jdk.internal.reflect.DirectMethodHandleAccessor.invoke(DirectMethodHandleAccessor.java:104)
at java.base/java.lang.reflect.Method.invoke(Method.java:577)
at org.testng.internal.MethodInvocationHelper.invokeMethod(MethodInvocationHelper.java:133)
at org.testng.internal.TestInvoker.invokeMethod(TestInvoker.java:598)
at org.testng.internal.TestInvoker.invokeTestMethod(TestInvoker.java:173)
at org.testng.internal.MethodRunner.runInSequence(MethodRunner.java:46)
at org.testng.internal.TestInvoker$MethodInvocationAgent.invoke(TestInvoker.java:824)
at org.testng.internal.TestInvoker.invokeTestMethods(TestInvoker.java:146)
at org.testng.internal.TestMethodWorker.invokeTestMethods(TestMethodWorker.java:146)
at org.testng.internal.TestMethodWorker.run(TestMethodWorker.java:128)
at java.base/java.util.ArrayList.forEach(ArrayList.java:1511)
at org.testng.TestRunner.privateRun(TestRunner.java:794)
at org.testng.TestRunner.run(TestRunner.java:596)
at org.testng.SuiteRunner.runTest(SuiteRunner.java:377)
at org.testng.SuiteRunner.access$000(SuiteRunner.java:28)
at org.testng.SuiteRunner$SuiteWorker.run(SuiteRunner.java:418)
at org.testng.internal.thread.ThreadUtil.lambda$execute$0(ThreadUtil.java:64)
at java.base/java.util.concurrent.FutureTask.run(FutureTask.java:264)
at java.base/java.util.concurrent.ThreadPoolExecutor.runWorker(ThreadPoolExecutor.java:1136)
at java.base/java.util.concurrent.ThreadPoolExecutor$Worker.run(ThreadPoolExecutor.java:635)
at java.base/java.lang.Thread.run(Thread.java:833)
]]>
            </full-stacktrace>
          </exception> <!-- java.lang.AssertionError -->
          <reporter-output>
          </reporter-output>
        </test-method> <!-- loginPageTitleTest -->
        <test-method retried="true" signature="loginPageTitleTest()[pri:1, instance:com.qa.opencart.tests.LoginPageTest@67507df]" started-at="2024-05-01T22:32:16 IST" name="loginPageTitleTest" finished-at="2024-05-01T22:32:26 IST" duration-ms="10248" status="SKIP">
          <exception class="java.lang.AssertionError">
            <message>
              <![CDATA[=====PAGE TITLE NOT FOUND===== expected [Account Login1] but found [Account Login]]]>
            </message>
            <full-stacktrace>
              <![CDATA[java.lang.AssertionError: =====PAGE TITLE NOT FOUND===== expected [Account Login1] but found [Account Login]
at org.testng.Assert.fail(Assert.java:99)
at org.testng.Assert.failNotEquals(Assert.java:1037)
at org.testng.Assert.assertEqualsImpl(Assert.java:140)
at org.testng.Assert.assertEquals(Assert.java:122)
at org.testng.Assert.assertEquals(Assert.java:629)
at com.qa.opencart.tests.LoginPageTest.loginPageTitleTest(LoginPageTest.java:33)
at java.base/jdk.internal.reflect.DirectMethodHandleAccessor.invoke(DirectMethodHandleAccessor.java:104)
at java.base/java.lang.reflect.Method.invoke(Method.java:577)
at org.testng.internal.MethodInvocationHelper.invokeMethod(MethodInvocationHelper.java:133)
at org.testng.internal.TestInvoker.invokeMethod(TestInvoker.java:598)
at org.testng.internal.TestInvoker.retryFailed(TestInvoker.java:213)
at org.testng.internal.MethodRunner.runInSequence(MethodRunner.java:58)
at org.testng.internal.TestInvoker$MethodInvocationAgent.invoke(TestInvoker.java:824)
at org.testng.internal.TestInvoker.invokeTestMethods(TestInvoker.java:146)
at org.testng.internal.TestMethodWorker.invokeTestMethods(TestMethodWorker.java:146)
at org.testng.internal.TestMethodWorker.run(TestMethodWorker.java:128)
at java.base/java.util.ArrayList.forEach(ArrayList.java:1511)
at org.testng.TestRunner.privateRun(TestRunner.java:794)
at org.testng.TestRunner.run(TestRunner.java:596)
at org.testng.SuiteRunner.runTest(SuiteRunner.java:377)
at org.testng.SuiteRunner.access$000(SuiteRunner.java:28)
at org.testng.SuiteRunner$SuiteWorker.run(SuiteRunner.java:418)
at org.testng.internal.thread.ThreadUtil.lambda$execute$0(ThreadUtil.java:64)
at java.base/java.util.concurrent.FutureTask.run(FutureTask.java:264)
at java.base/java.util.concurrent.ThreadPoolExecutor.runWorker(ThreadPoolExecutor.java:1136)
at java.base/java.util.concurrent.ThreadPoolExecutor$Worker.run(ThreadPoolExecutor.java:635)
at java.base/java.lang.Thread.run(Thread.java:833)
]]>
            </full-stacktrace>
          </exception> <!-- java.lang.AssertionError -->
          <reporter-output>
          </reporter-output>
        </test-method> <!-- loginPageTitleTest -->
        <test-method retried="true" signature="loginPageTitleTest()[pri:1, instance:com.qa.opencart.tests.LoginPageTest@67507df]" started-at="2024-05-01T22:32:26 IST" name="loginPageTitleTest" finished-at="2024-05-01T22:32:36 IST" duration-ms="10150" status="SKIP">
          <exception class="java.lang.AssertionError">
            <message>
              <![CDATA[=====PAGE TITLE NOT FOUND===== expected [Account Login1] but found [Account Login]]]>
            </message>
            <full-stacktrace>
              <![CDATA[java.lang.AssertionError: =====PAGE TITLE NOT FOUND===== expected [Account Login1] but found [Account Login]
at org.testng.Assert.fail(Assert.java:99)
at org.testng.Assert.failNotEquals(Assert.java:1037)
at org.testng.Assert.assertEqualsImpl(Assert.java:140)
at org.testng.Assert.assertEquals(Assert.java:122)
at org.testng.Assert.assertEquals(Assert.java:629)
at com.qa.opencart.tests.LoginPageTest.loginPageTitleTest(LoginPageTest.java:33)
at java.base/jdk.internal.reflect.DirectMethodHandleAccessor.invoke(DirectMethodHandleAccessor.java:104)
at java.base/java.lang.reflect.Method.invoke(Method.java:577)
at org.testng.internal.MethodInvocationHelper.invokeMethod(MethodInvocationHelper.java:133)
at org.testng.internal.TestInvoker.invokeMethod(TestInvoker.java:598)
at org.testng.internal.TestInvoker.retryFailed(TestInvoker.java:213)
at org.testng.internal.MethodRunner.runInSequence(MethodRunner.java:58)
at org.testng.internal.TestInvoker$MethodInvocationAgent.invoke(TestInvoker.java:824)
at org.testng.internal.TestInvoker.invokeTestMethods(TestInvoker.java:146)
at org.testng.internal.TestMethodWorker.invokeTestMethods(TestMethodWorker.java:146)
at org.testng.internal.TestMethodWorker.run(TestMethodWorker.java:128)
at java.base/java.util.ArrayList.forEach(ArrayList.java:1511)
at org.testng.TestRunner.privateRun(TestRunner.java:794)
at org.testng.TestRunner.run(TestRunner.java:596)
at org.testng.SuiteRunner.runTest(SuiteRunner.java:377)
at org.testng.SuiteRunner.access$000(SuiteRunner.java:28)
at org.testng.SuiteRunner$SuiteWorker.run(SuiteRunner.java:418)
at org.testng.internal.thread.ThreadUtil.lambda$execute$0(ThreadUtil.java:64)
at java.base/java.util.concurrent.FutureTask.run(FutureTask.java:264)
at java.base/java.util.concurrent.ThreadPoolExecutor.runWorker(ThreadPoolExecutor.java:1136)
at java.base/java.util.concurrent.ThreadPoolExecutor$Worker.run(ThreadPoolExecutor.java:635)
at java.base/java.lang.Thread.run(Thread.java:833)
]]>
            </full-stacktrace>
          </exception> <!-- java.lang.AssertionError -->
          <reporter-output>
          </reporter-output>
        </test-method> <!-- loginPageTitleTest -->
        <test-method signature="loginPageTitleTest()[pri:1, instance:com.qa.opencart.tests.LoginPageTest@67507df]" started-at="2024-05-01T22:32:37 IST" name="loginPageTitleTest" finished-at="2024-05-01T22:32:42 IST" duration-ms="5138" status="FAIL">
          <exception class="java.lang.AssertionError">
            <message>
              <![CDATA[=====PAGE TITLE NOT FOUND===== expected [Account Login1] but found [Account Login]]]>
            </message>
            <full-stacktrace>
              <![CDATA[java.lang.AssertionError: =====PAGE TITLE NOT FOUND===== expected [Account Login1] but found [Account Login]
at org.testng.Assert.fail(Assert.java:99)
at org.testng.Assert.failNotEquals(Assert.java:1037)
at org.testng.Assert.assertEqualsImpl(Assert.java:140)
at org.testng.Assert.assertEquals(Assert.java:122)
at org.testng.Assert.assertEquals(Assert.java:629)
at com.qa.opencart.tests.LoginPageTest.loginPageTitleTest(LoginPageTest.java:33)
at java.base/jdk.internal.reflect.DirectMethodHandleAccessor.invoke(DirectMethodHandleAccessor.java:104)
at java.base/java.lang.reflect.Method.invoke(Method.java:577)
at org.testng.internal.MethodInvocationHelper.invokeMethod(MethodInvocationHelper.java:133)
at org.testng.internal.TestInvoker.invokeMethod(TestInvoker.java:598)
at org.testng.internal.TestInvoker.retryFailed(TestInvoker.java:213)
at org.testng.internal.MethodRunner.runInSequence(MethodRunner.java:58)
at org.testng.internal.TestInvoker$MethodInvocationAgent.invoke(TestInvoker.java:824)
at org.testng.internal.TestInvoker.invokeTestMethods(TestInvoker.java:146)
at org.testng.internal.TestMethodWorker.invokeTestMethods(TestMethodWorker.java:146)
at org.testng.internal.TestMethodWorker.run(TestMethodWorker.java:128)
at java.base/java.util.ArrayList.forEach(ArrayList.java:1511)
at org.testng.TestRunner.privateRun(TestRunner.java:794)
at org.testng.TestRunner.run(TestRunner.java:596)
at org.testng.SuiteRunner.runTest(SuiteRunner.java:377)
at org.testng.SuiteRunner.access$000(SuiteRunner.java:28)
at org.testng.SuiteRunner$SuiteWorker.run(SuiteRunner.java:418)
at org.testng.internal.thread.ThreadUtil.lambda$execute$0(ThreadUtil.java:64)
at java.base/java.util.concurrent.FutureTask.run(FutureTask.java:264)
at java.base/java.util.concurrent.ThreadPoolExecutor.runWorker(ThreadPoolExecutor.java:1136)
at java.base/java.util.concurrent.ThreadPoolExecutor$Worker.run(ThreadPoolExecutor.java:635)
at java.base/java.lang.Thread.run(Thread.java:833)
]]>
            </full-stacktrace>
          </exception> <!-- java.lang.AssertionError -->
          <reporter-output>
          </reporter-output>
        </test-method> <!-- loginPageTitleTest -->
        <test-method signature="loginPageURLTest()[pri:2, instance:com.qa.opencart.tests.LoginPageTest@67507df]" started-at="2024-05-01T22:32:43 IST" name="loginPageURLTest" finished-at="2024-05-01T22:32:48 IST" duration-ms="5014" status="PASS">
          <reporter-output>
          </reporter-output>
        </test-method> <!-- loginPageURLTest -->
        <test-method signature="forgotPwdLinkExistTest()[pri:3, instance:com.qa.opencart.tests.LoginPageTest@67507df]" started-at="2024-05-01T22:32:48 IST" name="forgotPwdLinkExistTest" finished-at="2024-05-01T22:32:48 IST" duration-ms="425" status="PASS">
          <reporter-output>
          </reporter-output>
        </test-method> <!-- forgotPwdLinkExistTest -->
        <test-method signature="loginTest()[pri:4, instance:com.qa.opencart.tests.LoginPageTest@67507df]" started-at="2024-05-01T22:32:48 IST" name="loginTest" finished-at="2024-05-01T22:32:51 IST" duration-ms="3309" status="PASS">
          <reporter-output>
          </reporter-output>
        </test-method> <!-- loginTest -->
        <test-method is-config="true" signature="tearDown()[pri:0, instance:com.qa.opencart.tests.LoginPageTest@67507df]" started-at="2024-05-01T22:32:51 IST" name="tearDown" finished-at="2024-05-01T22:32:52 IST" duration-ms="117" status="PASS">
          <reporter-output>
          </reporter-output>
        </test-method> <!-- tearDown -->
      </class> <!-- com.qa.opencart.tests.LoginPageTest -->
    </test> <!-- Login Page Test -->
  </suite> <!-- Opencart App Test Regression Suite -->
</testng-results>
